<?xml version="1.0" encoding="UTF-8"?>
<!-- Generated by org.testng.reporters.JUnitReportReporter -->
<testsuite hostname="QA-003" name="BPTC.Testing.TestCases.Registration" tests="1" failures="0" timestamp="6 Dec 2019 06:56:10 GMT" time="46.362" errors="0">
  <testcase name="Reg_new" time="46.362" classname="BPTC.Testing.TestCases.Registration"/>
</testsuite> <!-- BPTC.Testing.TestCases.Registration -->
