<?xml version="1.0" encoding="UTF-8"?>
<!-- Generated by org.testng.reporters.JUnitReportReporter -->
<testsuite hostname="QA-003" name="BPTC.Testing.TestCases.LoginTC" tests="3" failures="0" timestamp="10 Sep 2019 13:27:05 GMT" time="112.761" errors="0">
  <testcase name="LoginTest" time="35.631" classname="BPTC.Testing.TestCases.LoginTC"/>
  <testcase name="LoginTest" time="41.375" classname="BPTC.Testing.TestCases.LoginTC"/>
  <testcase name="LoginTest" time="35.755" classname="BPTC.Testing.TestCases.LoginTC"/>
</testsuite> <!-- BPTC.Testing.TestCases.LoginTC -->
