<?xml version="1.0" encoding="UTF-8"?>
<!-- Generated by org.testng.reporters.JUnitReportReporter -->
<testsuite hostname="QA-003" name="BPTC.Testing.TestCases.Registration" tests="1" failures="0" timestamp="28 Jan 2020 10:39:11 GMT" time="29.411" errors="0">
  <testcase name="Reg_new" time="29.411" classname="BPTC.Testing.TestCases.Registration"/>
</testsuite> <!-- BPTC.Testing.TestCases.Registration -->
