<?xml version="1.0" encoding="UTF-8"?>
<!-- Generated by org.testng.reporters.JUnitReportReporter -->
<testsuite hostname="QA-003" name="BPTC.Testing.TestCases.LoginTC" tests="3" failures="0" timestamp="17 Dec 2019 09:37:01 GMT" time="492.668" errors="0">
  <testcase name="LoginTest" time="103.730" classname="BPTC.Testing.TestCases.LoginTC"/>
  <testcase name="LoginTest" time="118.646" classname="BPTC.Testing.TestCases.LoginTC"/>
  <testcase name="LoginTest" time="270.292" classname="BPTC.Testing.TestCases.LoginTC"/>
</testsuite> <!-- BPTC.Testing.TestCases.LoginTC -->
