<?xml version="1.0" encoding="UTF-8"?>
<!-- Generated by org.testng.reporters.JUnitReportReporter -->
<testsuite hostname="QA-003" name="BPTC.Testing.TestCases.Registration" tests="1" failures="0" timestamp="10 Sep 2019 12:46:10 GMT" time="51.351" errors="0">
  <testcase name="Reg_new" time="51.351" classname="BPTC.Testing.TestCases.Registration"/>
</testsuite> <!-- BPTC.Testing.TestCases.Registration -->
