<?xml version="1.0" encoding="UTF-8"?>
<!-- Generated by org.testng.reporters.JUnitReportReporter -->
<testsuite hostname="QA-003" name="BPTC.Testing.TestCases.Registration" tests="1" failures="0" timestamp="16 Sep 2019 12:46:44 GMT" time="47.446" errors="0">
  <testcase name="Reg_new" time="47.446" classname="BPTC.Testing.TestCases.Registration"/>
</testsuite> <!-- BPTC.Testing.TestCases.Registration -->
