<?xml version="1.0" encoding="UTF-8"?>
<!-- Generated by org.testng.reporters.JUnitReportReporter -->
<testsuite hostname="QA-003" name="BPTC.Testing.TestCases.SameDayBooking" tests="1" failures="0" timestamp="28 Jan 2020 10:39:11 GMT" time="67.412" errors="0">
  <testcase name="SameDayBooking" time="67.412" classname="BPTC.Testing.TestCases.SameDayBooking"/>
</testsuite> <!-- BPTC.Testing.TestCases.SameDayBooking -->
