<?xml version="1.0" encoding="UTF-8"?>
<!-- Generated by org.testng.reporters.JUnitReportReporter -->
<testsuite hostname="QA-003" name="BPTC.Testing.TestCases.LoginTC" tests="3" failures="0" timestamp="16 Sep 2019 12:46:44 GMT" time="107.965" errors="0">
  <testcase name="LoginTest" time="35.539" classname="BPTC.Testing.TestCases.LoginTC"/>
  <testcase name="LoginTest" time="37.293" classname="BPTC.Testing.TestCases.LoginTC"/>
  <testcase name="LoginTest" time="35.133" classname="BPTC.Testing.TestCases.LoginTC"/>
</testsuite> <!-- BPTC.Testing.TestCases.LoginTC -->
