<?xml version="1.0" encoding="UTF-8"?>
<!-- Generated by org.testng.reporters.JUnitReportReporter -->
<testsuite hostname="QA-003" name="BPTC.Testing.TestCases.LoginTC" tests="3" failures="0" timestamp="28 Jan 2020 10:39:11 GMT" time="180.839" errors="0">
  <testcase name="LoginTest" time="87.733" classname="BPTC.Testing.TestCases.LoginTC"/>
  <testcase name="LoginTest" time="48.604" classname="BPTC.Testing.TestCases.LoginTC"/>
  <testcase name="LoginTest" time="44.502" classname="BPTC.Testing.TestCases.LoginTC"/>
</testsuite> <!-- BPTC.Testing.TestCases.LoginTC -->
