<?xml version="1.0" encoding="UTF-8"?>
<!-- Generated by org.testng.reporters.JUnitReportReporter -->
<testsuite hostname="QA-003" name="BPTC.Testing.TestCases.SaturdayAndSundayBooking" tests="1" failures="0" timestamp="28 Jan 2020 10:39:11 GMT" time="65.761" errors="0">
  <testcase name="SaturdayAndSundayBooking" time="65.761" classname="BPTC.Testing.TestCases.SaturdayAndSundayBooking"/>
</testsuite> <!-- BPTC.Testing.TestCases.SaturdayAndSundayBooking -->
