<?xml version="1.0" encoding="UTF-8"?>
<!-- Generated by org.testng.reporters.JUnitReportReporter -->
<testsuite hostname="QA-003" name="BPTC.Testing.TestCases.NextDayBooking" tests="1" failures="0" timestamp="28 Jan 2020 10:39:11 GMT" time="66.259" errors="0">
  <testcase name="NextDayBooking" time="66.259" classname="BPTC.Testing.TestCases.NextDayBooking"/>
</testsuite> <!-- BPTC.Testing.TestCases.NextDayBooking -->
