<?xml version="1.0" encoding="UTF-8"?>
<!-- Generated by org.testng.reporters.JUnitReportReporter -->
<testsuite hostname="QA-003" name="BPTC.Testing.TestCases.NextDayBooking" tests="1" failures="0" timestamp="17 Dec 2019 11:43:39 GMT" time="159.471" errors="0">
  <testcase name="NextDayBooking" time="159.471" classname="BPTC.Testing.TestCases.NextDayBooking"/>
</testsuite> <!-- BPTC.Testing.TestCases.NextDayBooking -->
